Determining if the pthread_create exist failed with the following output:
Change Dir: /home/hanyi/Documents/VTAGBOT2019/build/CMakeFiles/CMakeTmp

Run Build Command:"/usr/bin/make" "cmTC_6f302/fast"
/usr/bin/make -f CMakeFiles/cmTC_6f302.dir/build.make CMakeFiles/cmTC_6f302.dir/build
make[1]: Entering directory '/home/hanyi/Documents/VTAGBOT2019/build/CMakeFiles/CMakeTmp'
Building C object CMakeFiles/cmTC_6f302.dir/CheckSymbolExists.c.o
/usr/bin/cc    -o CMakeFiles/cmTC_6f302.dir/CheckSymbolExists.c.o   -c /home/hanyi/Documents/VTAGBOT2019/build/CMakeFiles/CMakeTmp/CheckSymbolExists.c
Linking C executable cmTC_6f302
/usr/bin/cmake -E cmake_link_script CMakeFiles/cmTC_6f302.dir/link.txt --verbose=1
/usr/bin/cc      -rdynamic CMakeFiles/cmTC_6f302.dir/CheckSymbolExists.c.o  -o cmTC_6f302 
CMakeFiles/cmTC_6f302.dir/CheckSymbolExists.c.o: In function `main':
CheckSymbolExists.c:(.text+0x1b): undefined reference to `pthread_create'
collect2: error: ld returned 1 exit status
CMakeFiles/cmTC_6f302.dir/build.make:97: recipe for target 'cmTC_6f302' failed
make[1]: *** [cmTC_6f302] Error 1
make[1]: Leaving directory '/home/hanyi/Documents/VTAGBOT2019/build/CMakeFiles/CMakeTmp'
Makefile:126: recipe for target 'cmTC_6f302/fast' failed
make: *** [cmTC_6f302/fast] Error 2

File /home/hanyi/Documents/VTAGBOT2019/build/CMakeFiles/CMakeTmp/CheckSymbolExists.c:
/* */
#include <pthread.h>

int main(int argc, char** argv)
{
  (void)argv;
#ifndef pthread_create
  return ((int*)(&pthread_create))[argc];
#else
  (void)argc;
  return 0;
#endif
}

Determining if the function pthread_create exists in the pthreads failed with the following output:
Change Dir: /home/hanyi/Documents/VTAGBOT2019/build/CMakeFiles/CMakeTmp

Run Build Command:"/usr/bin/make" "cmTC_530ff/fast"
/usr/bin/make -f CMakeFiles/cmTC_530ff.dir/build.make CMakeFiles/cmTC_530ff.dir/build
make[1]: Entering directory '/home/hanyi/Documents/VTAGBOT2019/build/CMakeFiles/CMakeTmp'
Building C object CMakeFiles/cmTC_530ff.dir/CheckFunctionExists.c.o
/usr/bin/cc   -DCHECK_FUNCTION_EXISTS=pthread_create   -o CMakeFiles/cmTC_530ff.dir/CheckFunctionExists.c.o   -c /usr/share/cmake-3.10/Modules/CheckFunctionExists.c
Linking C executable cmTC_530ff
/usr/bin/cmake -E cmake_link_script CMakeFiles/cmTC_530ff.dir/link.txt --verbose=1
/usr/bin/cc  -DCHECK_FUNCTION_EXISTS=pthread_create    -rdynamic CMakeFiles/cmTC_530ff.dir/CheckFunctionExists.c.o  -o cmTC_530ff -lpthreads 
/usr/bin/ld: cannot find -lpthreads
collect2: error: ld returned 1 exit status
CMakeFiles/cmTC_530ff.dir/build.make:97: recipe for target 'cmTC_530ff' failed
make[1]: *** [cmTC_530ff] Error 1
make[1]: Leaving directory '/home/hanyi/Documents/VTAGBOT2019/build/CMakeFiles/CMakeTmp'
Makefile:126: recipe for target 'cmTC_530ff/fast' failed
make: *** [cmTC_530ff/fast] Error 2


